<?xml version="1.0" encoding="UTF-8"?>
<!-- Generated by org.testng.reporters.JUnitReportReporter -->
<testsuite hostname="User" failures="0" tests="2" name="Day1.Day1Test" time="7.156" errors="0" timestamp="2022-07-23T15:15:58 IST" skipped="1">
  <testcase classname="Day1.Day1Test" name="getBookingDetailsById" time="7.156"/>
  <system-out/>
  <testcase classname="Day1.Day1Test" name="getBookingDetails">
    <skipped/>
  </testcase> <!-- getBookingDetails -->
  <system-out/>
</testsuite> <!-- Day1.Day1Test -->
